<?xml version="1.0" encoding="UTF-8"?>
<!-- Generated by org.testng.reporters.JUnitReportReporter -->
<testsuite skipped="0" hostname="Chandrasai-PC" name="Authentication.Registration" tests="2" failures="0" timestamp="18 Jul 2020 14:31:21 GMT" time="32.494" errors="0">
  <testcase name="openSignInPage" time="3.862" classname="Authentication.Registration"/>
  <testcase name="validEmail" time="28.632" classname="Authentication.Registration"/>
</testsuite> <!-- Authentication.Registration -->
