<?xml version="1.0" encoding="UTF-8"?>
<!-- Generated by org.testng.reporters.JUnitReportReporter -->
<testsuite skipped="0" hostname="Chandrasai-PC" name="com.test.hello" tests="1" failures="0" timestamp="18 Jul 2020 04:30:10 GMT" time="3.380" errors="0">
  <testcase name="demo" time="3.380" classname="com.test.hello"/>
</testsuite> <!-- com.test.hello -->
