<?xml version="1.0" encoding="UTF-8"?>
<!-- Generated by org.testng.reporters.JUnitReportReporter -->
<testsuite skipped="0" hostname="Chandrasai-PC" name="com.test.drivers.DriverStart" tests="1" failures="0" timestamp="18 Jul 2020 04:45:09 GMT" time="15.539" errors="0">
  <testcase name="openBrowser" time="15.539" classname="com.test.drivers.DriverStart"/>
</testsuite> <!-- com.test.drivers.DriverStart -->
